{"numTotalTestSuites":15,"numPassedTestSuites":10,"numFailedTestSuites":5,"numPendingTestSuites":0,"numTotalTests":92,"numPassedTests":84,"numFailedTests":8,"numPendingTests":0,"numTodoTests":0,"snapshot":{"added":0,"failure":false,"filesAdded":0,"filesRemoved":0,"filesRemovedList":[],"filesUnmatched":0,"filesUpdated":0,"matched":0,"total":0,"unchecked":0,"uncheckedKeysByFile":[],"unmatched":0,"updated":0,"didUpdate":false},"startTime":1769878397657,"success":false,"testResults":[{"assertionResults":[{"ancestorTitles":["TypeScript Declaration Bundler","Core Functionality"],"fullName":"TypeScript Declaration Bundler Core Functionality should bundle basic relative imports","status":"passed","title":"should bundle basic relative imports","duration":141.17479200000002,"failureMessages":[],"meta":{}},{"ancestorTitles":["TypeScript Declaration Bundler","Core Functionality"],"fullName":"TypeScript Declaration Bundler Core Functionality should handle multiple nested imports","status":"passed","title":"should handle multiple nested imports","duration":89.38091600000007,"failureMessages":[],"meta":{}},{"ancestorTitles":["TypeScript Declaration Bundler","Import Patterns"],"fullName":"TypeScript Declaration Bundler Import Patterns should handle import aliases","status":"passed","title":"should handle import aliases","duration":76.10616700000003,"failureMessages":[],"meta":{}},{"ancestorTitles":["TypeScript Declaration Bundler","Import Patterns"],"fullName":"TypeScript Declaration Bundler Import Patterns should handle type-only imports from dependencies","status":"passed","title":"should handle type-only imports from dependencies","duration":77.70495900000003,"failureMessages":[],"meta":{}},{"ancestorTitles":["TypeScript Declaration Bundler","Import Patterns"],"fullName":"TypeScript Declaration Bundler Import Patterns should inline local type-only imports","status":"passed","title":"should inline local type-only imports","duration":77.51995799999997,"failureMessages":[],"meta":{}},{"ancestorTitles":["TypeScript Declaration Bundler","Import Patterns"],"fullName":"TypeScript Declaration Bundler Import Patterns should handle import() type","status":"passed","title":"should handle import() type","duration":79.11016700000005,"failureMessages":[],"meta":{}},{"ancestorTitles":["TypeScript Declaration Bundler","Import Patterns"],"fullName":"TypeScript Declaration Bundler Import Patterns should handle imports from @types packages causing reference types","status":"passed","title":"should handle imports from @types packages causing reference types","duration":156.23837500000013,"failureMessages":[],"meta":{}},{"ancestorTitles":["TypeScript Declaration Bundler","Import Patterns"],"fullName":"TypeScript Declaration Bundler Import Patterns should handle CommonJS import = syntax","status":"passed","title":"should handle CommonJS import = syntax","duration":71.12425000000007,"failureMessages":[],"meta":{}},{"ancestorTitles":["TypeScript Declaration Bundler","Import Patterns"],"fullName":"TypeScript Declaration Bundler Import Patterns should handle CommonJS import with ES module interop","status":"passed","title":"should handle CommonJS import with ES module interop","duration":74.53829199999996,"failureMessages":[],"meta":{}},{"ancestorTitles":["TypeScript Declaration Bundler","Import Patterns"],"fullName":"TypeScript Declaration Bundler Import Patterns should handle import * from local modules","status":"passed","title":"should handle import * from local modules","duration":76.15770799999996,"failureMessages":[],"meta":{}},{"ancestorTitles":["TypeScript Declaration Bundler","Import Patterns"],"fullName":"TypeScript Declaration Bundler Import Patterns should handle namespace imports used as type qualifiers","status":"passed","title":"should handle namespace imports used as type qualifiers","duration":151.1524589999999,"failureMessages":[],"meta":{}},{"ancestorTitles":["TypeScript Declaration Bundler","Import Patterns"],"fullName":"TypeScript Declaration Bundler Import Patterns should handle default imports from node_modules","status":"passed","title":"should handle default imports from node_modules","duration":69.15800000000013,"failureMessages":[],"meta":{}},{"ancestorTitles":["TypeScript Declaration Bundler","Import Patterns"],"fullName":"TypeScript Declaration Bundler Import Patterns should handle different default export names in project","status":"failed","title":"should handle different default export names in project","duration":72.93008299999997,"failureMessages":["AssertionError: expected 'import DefaultClassOriginal from \"pac…' to be 'import DefaultClassOriginal from \"pac…' // Object.is equality\n    at /Users/ann/Coding/javascript/dts-bundler/test/dts-bundler.test.ts:84:22\n    at file:///Users/ann/Coding/javascript/dts-bundler/node_modules/.pnpm/@vitest+runner@4.0.17/node_modules/@vitest/runner/dist/index.js:145:11\n    at file:///Users/ann/Coding/javascript/dts-bundler/node_modules/.pnpm/@vitest+runner@4.0.17/node_modules/@vitest/runner/dist/index.js:915:26\n    at file:///Users/ann/Coding/javascript/dts-bundler/node_modules/.pnpm/@vitest+runner@4.0.17/node_modules/@vitest/runner/dist/index.js:1243:20\n    at new Promise (<anonymous>)\n    at runWithTimeout (file:///Users/ann/Coding/javascript/dts-bundler/node_modules/.pnpm/@vitest+runner@4.0.17/node_modules/@vitest/runner/dist/index.js:1209:10)\n    at file:///Users/ann/Coding/javascript/dts-bundler/node_modules/.pnpm/@vitest+runner@4.0.17/node_modules/@vitest/runner/dist/index.js:1653:37\n    at Traces.$ (file:///Users/ann/Coding/javascript/dts-bundler/node_modules/.pnpm/vitest@4.0.17_@types+node@25.1.0/node_modules/vitest/dist/chunks/traces.CCmnQaNT.js:142:27)\n    at trace (file:///Users/ann/Coding/javascript/dts-bundler/node_modules/.pnpm/vitest@4.0.17_@types+node@25.1.0/node_modules/vitest/dist/chunks/test.B8ej_ZHS.js:239:21)\n    at runTest (file:///Users/ann/Coding/javascript/dts-bundler/node_modules/.pnpm/@vitest+runner@4.0.17/node_modules/@vitest/runner/dist/index.js:1653:12)"],"meta":{}},{"ancestorTitles":["TypeScript Declaration Bundler","Import Patterns"],"fullName":"TypeScript Declaration Bundler Import Patterns should handle mixed ES and CommonJS imports","status":"passed","title":"should handle mixed ES and CommonJS imports","duration":144.8694999999998,"failureMessages":[],"meta":{}},{"ancestorTitles":["TypeScript Declaration Bundler","Import Patterns"],"fullName":"TypeScript Declaration Bundler Import Patterns should handle importing variables from external packages","status":"passed","title":"should handle importing variables from external packages","duration":67.33795800000007,"failureMessages":[],"meta":{}},{"ancestorTitles":["TypeScript Declaration Bundler","Import Patterns"],"fullName":"TypeScript Declaration Bundler Import Patterns should handle renamed local class imports","status":"failed","title":"should handle renamed local class imports","duration":70.15750000000003,"failureMessages":["AssertionError: expected 'declare class OriginalClassName {}\\ne…' to be 'declare class OriginalClassName {\\n}\\…' // Object.is equality\n    at /Users/ann/Coding/javascript/dts-bundler/test/dts-bundler.test.ts:99:22\n    at file:///Users/ann/Coding/javascript/dts-bundler/node_modules/.pnpm/@vitest+runner@4.0.17/node_modules/@vitest/runner/dist/index.js:145:11\n    at file:///Users/ann/Coding/javascript/dts-bundler/node_modules/.pnpm/@vitest+runner@4.0.17/node_modules/@vitest/runner/dist/index.js:915:26\n    at file:///Users/ann/Coding/javascript/dts-bundler/node_modules/.pnpm/@vitest+runner@4.0.17/node_modules/@vitest/runner/dist/index.js:1243:20\n    at new Promise (<anonymous>)\n    at runWithTimeout (file:///Users/ann/Coding/javascript/dts-bundler/node_modules/.pnpm/@vitest+runner@4.0.17/node_modules/@vitest/runner/dist/index.js:1209:10)\n    at file:///Users/ann/Coding/javascript/dts-bundler/node_modules/.pnpm/@vitest+runner@4.0.17/node_modules/@vitest/runner/dist/index.js:1653:37\n    at Traces.$ (file:///Users/ann/Coding/javascript/dts-bundler/node_modules/.pnpm/vitest@4.0.17_@types+node@25.1.0/node_modules/vitest/dist/chunks/traces.CCmnQaNT.js:142:27)\n    at trace (file:///Users/ann/Coding/javascript/dts-bundler/node_modules/.pnpm/vitest@4.0.17_@types+node@25.1.0/node_modules/vitest/dist/chunks/test.B8ej_ZHS.js:239:21)\n    at runTest (file:///Users/ann/Coding/javascript/dts-bundler/node_modules/.pnpm/@vitest+runner@4.0.17/node_modules/@vitest/runner/dist/index.js:1653:12)"],"meta":{}},{"ancestorTitles":["TypeScript Declaration Bundler","Import Patterns"],"fullName":"TypeScript Declaration Bundler Import Patterns should handle several import * from one package","status":"passed","title":"should handle several import * from one package","duration":66.715958,"failureMessages":[],"meta":{}},{"ancestorTitles":["TypeScript Declaration Bundler","Import Patterns"],"fullName":"TypeScript Declaration Bundler Import Patterns should handle several default imports from one package","status":"passed","title":"should handle several default imports from one package","duration":67.92054199999984,"failureMessages":[],"meta":{}},{"ancestorTitles":["TypeScript Declaration Bundler","Import Patterns"],"fullName":"TypeScript Declaration Bundler Import Patterns should handle different import styles from one package","status":"passed","title":"should handle different import styles from one package","duration":68.61279200000013,"failureMessages":[],"meta":{}},{"ancestorTitles":["TypeScript Declaration Bundler","Import Patterns"],"fullName":"TypeScript Declaration Bundler Import Patterns should strip exports from non-exported enums","status":"passed","title":"should strip exports from non-exported enums","duration":65.55479200000036,"failureMessages":[],"meta":{}},{"ancestorTitles":["TypeScript Declaration Bundler","Import Patterns"],"fullName":"TypeScript Declaration Bundler Import Patterns should strip exports from non-exported functions","status":"passed","title":"should strip exports from non-exported functions","duration":66.61633299999994,"failureMessages":[],"meta":{}},{"ancestorTitles":["TypeScript Declaration Bundler","Import Patterns"],"fullName":"TypeScript Declaration Bundler Import Patterns should handle importing from types","status":"passed","title":"should handle importing from types","duration":154.07566700000007,"failureMessages":[],"meta":{}},{"ancestorTitles":["TypeScript Declaration Bundler","Import Patterns"],"fullName":"TypeScript Declaration Bundler Import Patterns should handle export = types from npm","status":"failed","title":"should handle export = types from npm","duration":167.03220899999997,"failureMessages":["AssertionError: expected 'import { EventEmitter } from \"events\"…' to be 'import { EventEmitter } from \"events\"…' // Object.is equality\n    at /Users/ann/Coding/javascript/dts-bundler/test/dts-bundler.test.ts:136:22\n    at file:///Users/ann/Coding/javascript/dts-bundler/node_modules/.pnpm/@vitest+runner@4.0.17/node_modules/@vitest/runner/dist/index.js:145:11\n    at file:///Users/ann/Coding/javascript/dts-bundler/node_modules/.pnpm/@vitest+runner@4.0.17/node_modules/@vitest/runner/dist/index.js:915:26\n    at file:///Users/ann/Coding/javascript/dts-bundler/node_modules/.pnpm/@vitest+runner@4.0.17/node_modules/@vitest/runner/dist/index.js:1243:20\n    at new Promise (<anonymous>)\n    at runWithTimeout (file:///Users/ann/Coding/javascript/dts-bundler/node_modules/.pnpm/@vitest+runner@4.0.17/node_modules/@vitest/runner/dist/index.js:1209:10)\n    at file:///Users/ann/Coding/javascript/dts-bundler/node_modules/.pnpm/@vitest+runner@4.0.17/node_modules/@vitest/runner/dist/index.js:1653:37\n    at Traces.$ (file:///Users/ann/Coding/javascript/dts-bundler/node_modules/.pnpm/vitest@4.0.17_@types+node@25.1.0/node_modules/vitest/dist/chunks/traces.CCmnQaNT.js:142:27)\n    at trace (file:///Users/ann/Coding/javascript/dts-bundler/node_modules/.pnpm/vitest@4.0.17_@types+node@25.1.0/node_modules/vitest/dist/chunks/test.B8ej_ZHS.js:239:21)\n    at runTest (file:///Users/ann/Coding/javascript/dts-bundler/node_modules/.pnpm/@vitest+runner@4.0.17/node_modules/@vitest/runner/dist/index.js:1653:12)"],"meta":{}},{"ancestorTitles":["TypeScript Declaration Bundler","Library Management"],"fullName":"TypeScript Declaration Bundler Library Management should preserve external imports","status":"passed","title":"should preserve external imports","duration":69.05158400000028,"failureMessages":[],"meta":{}},{"ancestorTitles":["TypeScript Declaration Bundler","Library Management"],"fullName":"TypeScript Declaration Bundler Library Management should inline specified libraries","status":"passed","title":"should inline specified libraries","duration":68.70337500000005,"failureMessages":[],"meta":{}},{"ancestorTitles":["TypeScript Declaration Bundler","Library Management"],"fullName":"TypeScript Declaration Bundler Library Management should handle transitive dependency inlining","status":"passed","title":"should handle transitive dependency inlining","duration":68.94495899999993,"failureMessages":[],"meta":{}},{"ancestorTitles":["TypeScript Declaration Bundler","Export Patterns"],"fullName":"TypeScript Declaration Bundler Export Patterns should handle CommonJS export = from entry","status":"passed","title":"should handle CommonJS export = from entry","duration":66.24541700000009,"failureMessages":[],"meta":{}},{"ancestorTitles":["TypeScript Declaration Bundler","Export Patterns"],"fullName":"TypeScript Declaration Bundler Export Patterns should handle default export from entry","status":"passed","title":"should handle default export from entry","duration":79.01229199999989,"failureMessages":[],"meta":{}},{"ancestorTitles":["TypeScript Declaration Bundler","Export Patterns"],"fullName":"TypeScript Declaration Bundler Export Patterns should handle default export from non-entry","status":"passed","title":"should handle default export from non-entry","duration":72.30841700000019,"failureMessages":[],"meta":{}},{"ancestorTitles":["TypeScript Declaration Bundler","Export Patterns"],"fullName":"TypeScript Declaration Bundler Export Patterns should handle existing class exported as default","status":"passed","title":"should handle existing class exported as default","duration":69.57574999999997,"failureMessages":[],"meta":{}},{"ancestorTitles":["TypeScript Declaration Bundler","Export Patterns"],"fullName":"TypeScript Declaration Bundler Export Patterns should handle default export of just declared class from entry","status":"passed","title":"should handle default export of just declared class from entry","duration":64.46804199999997,"failureMessages":[],"meta":{}},{"ancestorTitles":["TypeScript Declaration Bundler","Export Patterns"],"fullName":"TypeScript Declaration Bundler Export Patterns should handle default export of just declared functions from entry","status":"passed","title":"should handle default export of just declared functions from entry","duration":68.37620900000002,"failureMessages":[],"meta":{}},{"ancestorTitles":["TypeScript Declaration Bundler","Export Patterns"],"fullName":"TypeScript Declaration Bundler Export Patterns should handle namespace exports","status":"passed","title":"should handle namespace exports","duration":72.05583400000023,"failureMessages":[],"meta":{}},{"ancestorTitles":["TypeScript Declaration Bundler","Export Patterns"],"fullName":"TypeScript Declaration Bundler Export Patterns should handle exports via global declarations","status":"passed","title":"should handle exports via global declarations","duration":65.73275000000012,"failureMessages":[],"meta":{}},{"ancestorTitles":["TypeScript Declaration Bundler","Export Patterns"],"fullName":"TypeScript Declaration Bundler Export Patterns should handle exports with object destructuring","status":"passed","title":"should handle exports with object destructuring","duration":68.58145799999966,"failureMessages":[],"meta":{}},{"ancestorTitles":["TypeScript Declaration Bundler","Export Patterns"],"fullName":"TypeScript Declaration Bundler Export Patterns should handle multiple variable exports in a list","status":"passed","title":"should handle multiple variable exports in a list","duration":149.72866699999986,"failureMessages":[],"meta":{}},{"ancestorTitles":["TypeScript Declaration Bundler","Export Patterns"],"fullName":"TypeScript Declaration Bundler Export Patterns should handle default export of default export","status":"passed","title":"should handle default export of default export","duration":69.70645800000011,"failureMessages":[],"meta":{}},{"ancestorTitles":["TypeScript Declaration Bundler","Export Patterns"],"fullName":"TypeScript Declaration Bundler Export Patterns should handle default export of unnamed statements","status":"passed","title":"should handle default export of unnamed statements","duration":71.7036250000001,"failureMessages":[],"meta":{}},{"ancestorTitles":["TypeScript Declaration Bundler","Export Patterns"],"fullName":"TypeScript Declaration Bundler Export Patterns should handle exports wrapped with namespace chain","status":"passed","title":"should handle exports wrapped with namespace chain","duration":70.00374999999985,"failureMessages":[],"meta":{}},{"ancestorTitles":["TypeScript Declaration Bundler","Export Patterns"],"fullName":"TypeScript Declaration Bundler Export Patterns should handle exports wrapped with namespace chain via imports","status":"failed","title":"should handle exports wrapped with namespace chain via imports","duration":69.83495800000037,"failureMessages":["AssertionError: expected 'import * as Ns from \"fake-package\";\\n…' to be 'import * as Ns from \"fake-package\";\\n…' // Object.is equality\n    at /Users/ann/Coding/javascript/dts-bundler/test/dts-bundler.test.ts:230:22\n    at file:///Users/ann/Coding/javascript/dts-bundler/node_modules/.pnpm/@vitest+runner@4.0.17/node_modules/@vitest/runner/dist/index.js:145:11\n    at file:///Users/ann/Coding/javascript/dts-bundler/node_modules/.pnpm/@vitest+runner@4.0.17/node_modules/@vitest/runner/dist/index.js:915:26\n    at file:///Users/ann/Coding/javascript/dts-bundler/node_modules/.pnpm/@vitest+runner@4.0.17/node_modules/@vitest/runner/dist/index.js:1243:20\n    at new Promise (<anonymous>)\n    at runWithTimeout (file:///Users/ann/Coding/javascript/dts-bundler/node_modules/.pnpm/@vitest+runner@4.0.17/node_modules/@vitest/runner/dist/index.js:1209:10)\n    at file:///Users/ann/Coding/javascript/dts-bundler/node_modules/.pnpm/@vitest+runner@4.0.17/node_modules/@vitest/runner/dist/index.js:1653:37\n    at Traces.$ (file:///Users/ann/Coding/javascript/dts-bundler/node_modules/.pnpm/vitest@4.0.17_@types+node@25.1.0/node_modules/vitest/dist/chunks/traces.CCmnQaNT.js:142:27)\n    at trace (file:///Users/ann/Coding/javascript/dts-bundler/node_modules/.pnpm/vitest@4.0.17_@types+node@25.1.0/node_modules/vitest/dist/chunks/test.B8ej_ZHS.js:239:21)\n    at runTest (file:///Users/ann/Coding/javascript/dts-bundler/node_modules/.pnpm/@vitest+runner@4.0.17/node_modules/@vitest/runner/dist/index.js:1653:12)"],"meta":{}},{"ancestorTitles":["TypeScript Declaration Bundler","Export Patterns"],"fullName":"TypeScript Declaration Bundler Export Patterns should handle exports wrapped with namespace","status":"passed","title":"should handle exports wrapped with namespace","duration":71.05420800000002,"failureMessages":[],"meta":{}},{"ancestorTitles":["TypeScript Declaration Bundler","Export Patterns"],"fullName":"TypeScript Declaration Bundler Export Patterns should handle export declaration merging","status":"passed","title":"should handle export declaration merging","duration":69.03454200000033,"failureMessages":[],"meta":{}},{"ancestorTitles":["TypeScript Declaration Bundler","Export Patterns"],"fullName":"TypeScript Declaration Bundler Export Patterns should not export referenced types when disabled","status":"passed","title":"should not export referenced types when disabled","duration":68.31399999999985,"failureMessages":[],"meta":{}},{"ancestorTitles":["TypeScript Declaration Bundler","Re-export Patterns"],"fullName":"TypeScript Declaration Bundler Re-export Patterns should handle export * from (re-export star)","status":"passed","title":"should handle export * from (re-export star)","duration":69.44775000000027,"failureMessages":[],"meta":{}},{"ancestorTitles":["TypeScript Declaration Bundler","Re-export Patterns"],"fullName":"TypeScript Declaration Bundler Re-export Patterns should handle re-export star with selection","status":"passed","title":"should handle re-export star with selection","duration":72.97308300000032,"failureMessages":[],"meta":{}},{"ancestorTitles":["TypeScript Declaration Bundler","Re-export Patterns"],"fullName":"TypeScript Declaration Bundler Re-export Patterns should handle re-export as namespace","status":"passed","title":"should handle re-export as namespace","duration":71.40358300000025,"failureMessages":[],"meta":{}},{"ancestorTitles":["TypeScript Declaration Bundler","Re-export Patterns"],"fullName":"TypeScript Declaration Bundler Re-export Patterns should handle re-export as default of unnamed class","status":"passed","title":"should handle re-export as default of unnamed class","duration":100.21262500000012,"failureMessages":[],"meta":{}},{"ancestorTitles":["TypeScript Declaration Bundler","Re-export Patterns"],"fullName":"TypeScript Declaration Bundler Re-export Patterns should handle re-export default export with same name","status":"passed","title":"should handle re-export default export with same name","duration":69.80008400000042,"failureMessages":[],"meta":{}},{"ancestorTitles":["TypeScript Declaration Bundler","Re-export Patterns"],"fullName":"TypeScript Declaration Bundler Re-export Patterns should handle re-export as named and default","status":"passed","title":"should handle re-export as named and default","duration":139.38124999999945,"failureMessages":[],"meta":{}},{"ancestorTitles":["TypeScript Declaration Bundler","Re-export Patterns"],"fullName":"TypeScript Declaration Bundler Re-export Patterns should handle double re-export from node_modules","status":"passed","title":"should handle double re-export from node_modules","duration":76.54225000000042,"failureMessages":[],"meta":{}},{"ancestorTitles":["TypeScript Declaration Bundler","Re-export Patterns"],"fullName":"TypeScript Declaration Bundler Re-export Patterns should handle re-exporting members from star","status":"passed","title":"should handle re-exporting members from star","duration":67.51408399999946,"failureMessages":[],"meta":{}},{"ancestorTitles":["TypeScript Declaration Bundler","Re-export Patterns"],"fullName":"TypeScript Declaration Bundler Re-export Patterns should handle re-export without statements (namespace re-export)","status":"passed","title":"should handle re-export without statements (namespace re-export)","duration":71.85883299999932,"failureMessages":[],"meta":{}},{"ancestorTitles":["TypeScript Declaration Bundler","Module Formats"],"fullName":"TypeScript Declaration Bundler Module Formats should handle .mts extension (ES modules)","status":"passed","title":"should handle .mts extension (ES modules)","duration":73.77358300000014,"failureMessages":[],"meta":{}},{"ancestorTitles":["TypeScript Declaration Bundler","Module Formats"],"fullName":"TypeScript Declaration Bundler Module Formats should handle .cts extension (CommonJS modules)","status":"passed","title":"should handle .cts extension (CommonJS modules)","duration":65.52074999999968,"failureMessages":[],"meta":{}},{"ancestorTitles":["TypeScript Declaration Bundler","Module Formats"],"fullName":"TypeScript Declaration Bundler Module Formats allow arbitrary extensions (.json)","status":"passed","title":"allow arbitrary extensions (.json)","duration":67.02074999999968,"failureMessages":[],"meta":{}},{"ancestorTitles":["TypeScript Declaration Bundler","Declaration Patterns"],"fullName":"TypeScript Declaration Bundler Declaration Patterns should handle declare module and imports","status":"passed","title":"should handle declare module and imports","duration":67.24895800000013,"failureMessages":[],"meta":{}},{"ancestorTitles":["TypeScript Declaration Bundler","Declaration Patterns"],"fullName":"TypeScript Declaration Bundler Declaration Patterns should handle unknown module declarations","status":"failed","title":"should handle unknown module declarations","duration":68.7328750000006,"failureMessages":["AssertionError: expected 'declare module \\'*.css\\' { }\\ndeclare…' to be 'declare module \"*.css\" { }\\ndeclare m…' // Object.is equality\n    at /Users/ann/Coding/javascript/dts-bundler/test/dts-bundler.test.ts:323:22\n    at file:///Users/ann/Coding/javascript/dts-bundler/node_modules/.pnpm/@vitest+runner@4.0.17/node_modules/@vitest/runner/dist/index.js:145:11\n    at file:///Users/ann/Coding/javascript/dts-bundler/node_modules/.pnpm/@vitest+runner@4.0.17/node_modules/@vitest/runner/dist/index.js:915:26\n    at file:///Users/ann/Coding/javascript/dts-bundler/node_modules/.pnpm/@vitest+runner@4.0.17/node_modules/@vitest/runner/dist/index.js:1243:20\n    at new Promise (<anonymous>)\n    at runWithTimeout (file:///Users/ann/Coding/javascript/dts-bundler/node_modules/.pnpm/@vitest+runner@4.0.17/node_modules/@vitest/runner/dist/index.js:1209:10)\n    at file:///Users/ann/Coding/javascript/dts-bundler/node_modules/.pnpm/@vitest+runner@4.0.17/node_modules/@vitest/runner/dist/index.js:1653:37\n    at Traces.$ (file:///Users/ann/Coding/javascript/dts-bundler/node_modules/.pnpm/vitest@4.0.17_@types+node@25.1.0/node_modules/vitest/dist/chunks/traces.CCmnQaNT.js:142:27)\n    at trace (file:///Users/ann/Coding/javascript/dts-bundler/node_modules/.pnpm/vitest@4.0.17_@types+node@25.1.0/node_modules/vitest/dist/chunks/test.B8ej_ZHS.js:239:21)\n    at runTest (file:///Users/ann/Coding/javascript/dts-bundler/node_modules/.pnpm/@vitest+runner@4.0.17/node_modules/@vitest/runner/dist/index.js:1653:12)"],"meta":{}},{"ancestorTitles":["TypeScript Declaration Bundler","Declaration Patterns"],"fullName":"TypeScript Declaration Bundler Declaration Patterns should handle declare module in internal files","status":"passed","title":"should handle declare module in internal files","duration":67.38008300000001,"failureMessages":[],"meta":{}},{"ancestorTitles":["TypeScript Declaration Bundler","Declaration Patterns"],"fullName":"TypeScript Declaration Bundler Declaration Patterns should handle internal modules without inlining externals","status":"failed","title":"should handle internal modules without inlining externals","duration":75.23404200000004,"failureMessages":["AssertionError: expected 'interface Interface {\\n  field: Inter…' to be 'export interface Interface {\\n  field…' // Object.is equality\n    at /Users/ann/Coding/javascript/dts-bundler/test/dts-bundler.test.ts:333:22\n    at file:///Users/ann/Coding/javascript/dts-bundler/node_modules/.pnpm/@vitest+runner@4.0.17/node_modules/@vitest/runner/dist/index.js:145:11\n    at file:///Users/ann/Coding/javascript/dts-bundler/node_modules/.pnpm/@vitest+runner@4.0.17/node_modules/@vitest/runner/dist/index.js:915:26\n    at file:///Users/ann/Coding/javascript/dts-bundler/node_modules/.pnpm/@vitest+runner@4.0.17/node_modules/@vitest/runner/dist/index.js:1243:20\n    at new Promise (<anonymous>)\n    at runWithTimeout (file:///Users/ann/Coding/javascript/dts-bundler/node_modules/.pnpm/@vitest+runner@4.0.17/node_modules/@vitest/runner/dist/index.js:1209:10)\n    at file:///Users/ann/Coding/javascript/dts-bundler/node_modules/.pnpm/@vitest+runner@4.0.17/node_modules/@vitest/runner/dist/index.js:1653:37\n    at Traces.$ (file:///Users/ann/Coding/javascript/dts-bundler/node_modules/.pnpm/vitest@4.0.17_@types+node@25.1.0/node_modules/vitest/dist/chunks/traces.CCmnQaNT.js:142:27)\n    at trace (file:///Users/ann/Coding/javascript/dts-bundler/node_modules/.pnpm/vitest@4.0.17_@types+node@25.1.0/node_modules/vitest/dist/chunks/test.B8ej_ZHS.js:239:21)\n    at runTest (file:///Users/ann/Coding/javascript/dts-bundler/node_modules/.pnpm/@vitest+runner@4.0.17/node_modules/@vitest/runner/dist/index.js:1653:12)"],"meta":{}},{"ancestorTitles":["TypeScript Declaration Bundler","Declaration Patterns"],"fullName":"TypeScript Declaration Bundler Declaration Patterns should not inline external modules in internal files","status":"failed","title":"should not inline external modules in internal files","duration":69.45787500000006,"failureMessages":["AssertionError: expected 'interface Interface {\\n  field: Inter…' to be 'export interface Interface {\\n  field…' // Object.is equality\n    at /Users/ann/Coding/javascript/dts-bundler/test/dts-bundler.test.ts:338:22\n    at file:///Users/ann/Coding/javascript/dts-bundler/node_modules/.pnpm/@vitest+runner@4.0.17/node_modules/@vitest/runner/dist/index.js:145:11\n    at file:///Users/ann/Coding/javascript/dts-bundler/node_modules/.pnpm/@vitest+runner@4.0.17/node_modules/@vitest/runner/dist/index.js:915:26\n    at file:///Users/ann/Coding/javascript/dts-bundler/node_modules/.pnpm/@vitest+runner@4.0.17/node_modules/@vitest/runner/dist/index.js:1243:20\n    at new Promise (<anonymous>)\n    at runWithTimeout (file:///Users/ann/Coding/javascript/dts-bundler/node_modules/.pnpm/@vitest+runner@4.0.17/node_modules/@vitest/runner/dist/index.js:1209:10)\n    at file:///Users/ann/Coding/javascript/dts-bundler/node_modules/.pnpm/@vitest+runner@4.0.17/node_modules/@vitest/runner/dist/index.js:1653:37\n    at Traces.$ (file:///Users/ann/Coding/javascript/dts-bundler/node_modules/.pnpm/vitest@4.0.17_@types+node@25.1.0/node_modules/vitest/dist/chunks/traces.CCmnQaNT.js:142:27)\n    at trace (file:///Users/ann/Coding/javascript/dts-bundler/node_modules/.pnpm/vitest@4.0.17_@types+node@25.1.0/node_modules/vitest/dist/chunks/test.B8ej_ZHS.js:239:21)\n    at runTest (file:///Users/ann/Coding/javascript/dts-bundler/node_modules/.pnpm/@vitest+runner@4.0.17/node_modules/@vitest/runner/dist/index.js:1653:12)"],"meta":{}},{"ancestorTitles":["TypeScript Declaration Bundler","Declaration Patterns"],"fullName":"TypeScript Declaration Bundler Declaration Patterns should not inline declare global when disabled","status":"passed","title":"should not inline declare global when disabled","duration":67.09799999999996,"failureMessages":[],"meta":{}},{"ancestorTitles":["TypeScript Declaration Bundler","Declaration Patterns"],"fullName":"TypeScript Declaration Bundler Declaration Patterns should preserve declare global when enabled (simple case)","status":"passed","title":"should preserve declare global when enabled (simple case)","duration":68.53241600000001,"failureMessages":[],"meta":{}},{"ancestorTitles":["TypeScript Declaration Bundler","Declaration Patterns"],"fullName":"TypeScript Declaration Bundler Declaration Patterns should inline declare global when enabled","status":"passed","title":"should inline declare global when enabled","duration":73.71233400000074,"failureMessages":[],"meta":{}},{"ancestorTitles":["TypeScript Declaration Bundler","Declaration Patterns"],"fullName":"TypeScript Declaration Bundler Declaration Patterns should inline local types used in declare global","status":"passed","title":"should inline local types used in declare global","duration":72.45987499999956,"failureMessages":[],"meta":{}},{"ancestorTitles":["TypeScript Declaration Bundler","Declaration Patterns"],"fullName":"TypeScript Declaration Bundler Declaration Patterns should inline declared globals from imports","status":"passed","title":"should inline declared globals from imports","duration":74.96195799999987,"failureMessages":[],"meta":{}},{"ancestorTitles":["TypeScript Declaration Bundler","Declaration Patterns"],"fullName":"TypeScript Declaration Bundler Declaration Patterns should handle top-level declarations","status":"failed","title":"should handle top-level declarations","duration":68.33108300000004,"failureMessages":["AssertionError: expected 'export namespace Sample {\\n  export {…' to be 'declare function functionName(): void…' // Object.is equality\n    at /Users/ann/Coding/javascript/dts-bundler/test/dts-bundler.test.ts:372:22\n    at file:///Users/ann/Coding/javascript/dts-bundler/node_modules/.pnpm/@vitest+runner@4.0.17/node_modules/@vitest/runner/dist/index.js:145:11\n    at file:///Users/ann/Coding/javascript/dts-bundler/node_modules/.pnpm/@vitest+runner@4.0.17/node_modules/@vitest/runner/dist/index.js:915:26\n    at file:///Users/ann/Coding/javascript/dts-bundler/node_modules/.pnpm/@vitest+runner@4.0.17/node_modules/@vitest/runner/dist/index.js:1243:20\n    at new Promise (<anonymous>)\n    at runWithTimeout (file:///Users/ann/Coding/javascript/dts-bundler/node_modules/.pnpm/@vitest+runner@4.0.17/node_modules/@vitest/runner/dist/index.js:1209:10)\n    at file:///Users/ann/Coding/javascript/dts-bundler/node_modules/.pnpm/@vitest+runner@4.0.17/node_modules/@vitest/runner/dist/index.js:1653:37\n    at Traces.$ (file:///Users/ann/Coding/javascript/dts-bundler/node_modules/.pnpm/vitest@4.0.17_@types+node@25.1.0/node_modules/vitest/dist/chunks/traces.CCmnQaNT.js:142:27)\n    at trace (file:///Users/ann/Coding/javascript/dts-bundler/node_modules/.pnpm/vitest@4.0.17_@types+node@25.1.0/node_modules/vitest/dist/chunks/test.B8ej_ZHS.js:239:21)\n    at runTest (file:///Users/ann/Coding/javascript/dts-bundler/node_modules/.pnpm/@vitest+runner@4.0.17/node_modules/@vitest/runner/dist/index.js:1653:12)"],"meta":{}},{"ancestorTitles":["TypeScript Declaration Bundler","Configuration Options"],"fullName":"TypeScript Declaration Bundler Configuration Options should add banner when noBanner is false","status":"passed","title":"should add banner when noBanner is false","duration":67.18587500000012,"failureMessages":[],"meta":{}},{"ancestorTitles":["TypeScript Declaration Bundler","Configuration Options"],"fullName":"TypeScript Declaration Bundler Configuration Options should disable non-direct exports when configured","status":"passed","title":"should disable non-direct exports when configured","duration":69.06529199999932,"failureMessages":[],"meta":{}},{"ancestorTitles":["TypeScript Declaration Bundler","Configuration Options"],"fullName":"TypeScript Declaration Bundler Configuration Options should support UMD module name output","status":"passed","title":"should support UMD module name output","duration":66.96766599999955,"failureMessages":[],"meta":{}},{"ancestorTitles":["TypeScript Declaration Bundler","Configuration Options"],"fullName":"TypeScript Declaration Bundler Configuration Options should sort nodes when sortNodes is enabled","status":"passed","title":"should sort nodes when sortNodes is enabled","duration":66.94904200000019,"failureMessages":[],"meta":{}},{"ancestorTitles":["TypeScript Declaration Bundler","Tree Shaking"],"fullName":"TypeScript Declaration Bundler Tree Shaking should tree shake and remove unused types","status":"passed","title":"should tree shake and remove unused types","duration":70.08908299999985,"failureMessages":[],"meta":{}},{"ancestorTitles":["TypeScript Declaration Bundler","Tree Shaking"],"fullName":"TypeScript Declaration Bundler Tree Shaking should tree shake unused types in simple case","status":"passed","title":"should tree shake unused types in simple case","duration":70.21274999999969,"failureMessages":[],"meta":{}},{"ancestorTitles":["TypeScript Declaration Bundler","TypeScript Features"],"fullName":"TypeScript Declaration Bundler TypeScript Features should handle type aliases","status":"passed","title":"should handle type aliases","duration":71.70179199999984,"failureMessages":[],"meta":{}},{"ancestorTitles":["TypeScript Declaration Bundler","TypeScript Features"],"fullName":"TypeScript Declaration Bundler TypeScript Features should handle template literal types and interface extensions","status":"passed","title":"should handle template literal types and interface extensions","duration":66.8780829999996,"failureMessages":[],"meta":{}},{"ancestorTitles":["TypeScript Declaration Bundler","TypeScript Features"],"fullName":"TypeScript Declaration Bundler TypeScript Features should handle recursive types","status":"passed","title":"should handle recursive types","duration":83.40037500000017,"failureMessages":[],"meta":{}},{"ancestorTitles":["TypeScript Declaration Bundler","TypeScript Features"],"fullName":"TypeScript Declaration Bundler TypeScript Features should handle binding patterns without initializer","status":"passed","title":"should handle binding patterns without initializer","duration":69.3197910000008,"failureMessages":[],"meta":{}},{"ancestorTitles":["TypeScript Declaration Bundler","TypeScript Features"],"fullName":"TypeScript Declaration Bundler TypeScript Features should handle ambient re-declared types","status":"passed","title":"should handle ambient re-declared types","duration":66.82687500000065,"failureMessages":[],"meta":{}},{"ancestorTitles":["TypeScript Declaration Bundler","TypeScript Features"],"fullName":"TypeScript Declaration Bundler TypeScript Features should respect preserve const enum when enabled","status":"passed","title":"should respect preserve const enum when enabled","duration":69.49141599999984,"failureMessages":[],"meta":{}},{"ancestorTitles":["TypeScript Declaration Bundler","TypeScript Features"],"fullName":"TypeScript Declaration Bundler TypeScript Features should handle extending other modules","status":"passed","title":"should handle extending other modules","duration":73.45924999999988,"failureMessages":[],"meta":{}},{"ancestorTitles":["TypeScript Declaration Bundler","TypeScript Features"],"fullName":"TypeScript Declaration Bundler TypeScript Features should handle globalThis references","status":"passed","title":"should handle globalThis references","duration":68.52049999999963,"failureMessages":[],"meta":{}},{"ancestorTitles":["TypeScript Declaration Bundler","TypeScript Features"],"fullName":"TypeScript Declaration Bundler TypeScript Features should handle function parameter destructuring with defaults","status":"passed","title":"should handle function parameter destructuring with defaults","duration":69.6298340000003,"failureMessages":[],"meta":{}},{"ancestorTitles":["TypeScript Declaration Bundler","TypeScript Features"],"fullName":"TypeScript Declaration Bundler TypeScript Features should handle labelled tuples","status":"passed","title":"should handle labelled tuples","duration":67.57924999999977,"failureMessages":[],"meta":{}},{"ancestorTitles":["TypeScript Declaration Bundler","TypeScript Features"],"fullName":"TypeScript Declaration Bundler TypeScript Features should handle keyof typeof variable type","status":"passed","title":"should handle keyof typeof variable type","duration":72.02466699999968,"failureMessages":[],"meta":{}},{"ancestorTitles":["TypeScript Declaration Bundler","TypeScript Features"],"fullName":"TypeScript Declaration Bundler TypeScript Features should handle non-exported abstract class as base","status":"passed","title":"should handle non-exported abstract class as base","duration":66.53449999999975,"failureMessages":[],"meta":{}},{"ancestorTitles":["TypeScript Declaration Bundler","TypeScript Features"],"fullName":"TypeScript Declaration Bundler TypeScript Features should handle merged namespaces across files","status":"passed","title":"should handle merged namespaces across files","duration":72.26154200000019,"failureMessages":[],"meta":{}},{"ancestorTitles":["TypeScript Declaration Bundler","Name Resolution"],"fullName":"TypeScript Declaration Bundler Name Resolution should handle external types with same name from different packages","status":"passed","title":"should handle external types with same name from different packages","duration":72.52024999999958,"failureMessages":[],"meta":{}},{"ancestorTitles":["TypeScript Declaration Bundler","Name Resolution"],"fullName":"TypeScript Declaration Bundler Name Resolution should handle renaming imported externals","status":"passed","title":"should handle renaming imported externals","duration":66.99441599999955,"failureMessages":[],"meta":{}},{"ancestorTitles":["TypeScript Declaration Bundler","Name Resolution"],"fullName":"TypeScript Declaration Bundler Name Resolution should handle name collisions across files","status":"passed","title":"should handle name collisions across files","duration":73.4629589999995,"failureMessages":[],"meta":{}},{"ancestorTitles":["TypeScript Declaration Bundler","Name Resolution"],"fullName":"TypeScript Declaration Bundler Name Resolution should handle name collisions with globals","status":"passed","title":"should handle name collisions with globals","duration":67.77516700000069,"failureMessages":[],"meta":{}},{"ancestorTitles":["TypeScript Declaration Bundler","Error Handling"],"fullName":"TypeScript Declaration Bundler Error Handling should throw error when entry is missing","status":"passed","title":"should throw error when entry is missing","duration":0.4082079999998314,"failureMessages":[],"meta":{}},{"ancestorTitles":["TypeScript Declaration Bundler","Error Handling"],"fullName":"TypeScript Declaration Bundler Error Handling should throw error when entry file does not exist","status":"passed","title":"should throw error when entry file does not exist","duration":0.09566600000016479,"failureMessages":[],"meta":{}},{"ancestorTitles":["TypeScript Declaration Bundler","Save JSDoc comments"],"fullName":"TypeScript Declaration Bundler Save JSDoc comments should keep jsdoc comments in the output","status":"passed","title":"should keep jsdoc comments in the output","duration":68.4783750000006,"failureMessages":[],"meta":{}}],"startTime":1769878398036,"endTime":1769878405060.4783,"status":"failed","message":"","name":"/Users/ann/Coding/javascript/dts-bundler/test/dts-bundler.test.ts"}]}